\BOOKMARK [1][-]{section.1}{\376\377\000I\000n\000t\000r\000o\000d\000u\000c\000c\000i\000\363\000n}{}% 1
\BOOKMARK [2][-]{subsection.1.1}{\376\377\000T\000r\000a\000n\000s\000i\000s\000t\000o\000r\000\040\000B\000J\000T\000\040\000B\000D\0002\0003\0005}{section.1}% 2
\BOOKMARK [2][-]{subsection.1.2}{\376\377\000M\000O\000S\000F\000E\000T\000\040\000I\000R\000L\000Z\0004\0004}{section.1}% 3
\BOOKMARK [2][-]{subsection.1.3}{\376\377\000P\000o\000t\000e\000n\000c\000i\000\363\000m\000e\000t\000r\000o\000\040\000d\000e\000\040\000P\000r\000e\000c\000i\000s\000i\000\363\000n\000\040\0001\0000\000\040\000k\003\251}{section.1}% 4
\BOOKMARK [2][-]{subsection.1.4}{\376\377\000S\000i\000s\000t\000e\000m\000a\000\040\000d\000e\000\040\000I\000l\000u\000m\000i\000n\000a\000c\000i\000\363\000n\000\040\0001\0002\000\040\000V}{section.1}% 5
\BOOKMARK [1][-]{section.2}{\376\377\000D\000e\000s\000a\000r\000r\000o\000l\000l\000o}{}% 6
\BOOKMARK [2][-]{subsection.2.1}{\376\377\000C\000\363\000d\000i\000g\000o\000\040\0001\000:\000\040\000C\000o\000n\000t\000r\000o\000l\000\040\000O\000N\000/\000O\000F\000F\000\040\000c\000o\000n\000\040\000T\000r\000a\000n\000s\000i\000s\000t\000o\000r\000\040\000B\000J\000T}{section.2}% 7
\BOOKMARK [2][-]{subsection.2.2}{\376\377\000A\000n\000\341\000l\000i\000s\000i\000s\000\040\000d\000e\000l\000\040\000C\000\363\000d\000i\000g\000o\000\040\0001}{section.2}% 8
\BOOKMARK [2][-]{subsection.2.3}{\376\377\000E\000l\000e\000m\000e\000n\000t\000o\000s\000\040\000d\000e\000l\000\040\000C\000i\000r\000c\000u\000i\000t\000o\000\040\000c\000o\000n\000\040\000B\000J\000T}{section.2}% 9
\BOOKMARK [2][-]{subsection.2.4}{\376\377\000F\000u\000n\000c\000i\000o\000n\000a\000m\000i\000e\000n\000t\000o\000\040\000d\000e\000l\000\040\000C\000o\000n\000t\000r\000o\000l\000\040\000O\000N\000/\000O\000F\000F}{section.2}% 10
\BOOKMARK [2][-]{subsection.2.5}{\376\377\000D\000i\000a\000g\000r\000a\000m\000a\000\040\000d\000e\000\040\000T\000i\000e\000m\000p\000o\000\040\000B\000J\000T}{section.2}% 11
\BOOKMARK [2][-]{subsection.2.6}{\376\377\000V\000e\000n\000t\000a\000j\000a\000s\000\040\000y\000\040\000C\000a\000r\000a\000c\000t\000e\000r\000\355\000s\000t\000i\000c\000a\000s\000\040\000d\000e\000l\000\040\000B\000J\000T}{section.2}% 12
\BOOKMARK [2][-]{subsection.2.7}{\376\377\000L\000i\000m\000i\000t\000a\000c\000i\000o\000n\000e\000s\000\040\000d\000e\000l\000\040\000C\000o\000n\000t\000r\000o\000l\000\040\000B\000J\000T}{section.2}% 13
\BOOKMARK [2][-]{subsection.2.8}{\376\377\000A\000p\000l\000i\000c\000a\000c\000i\000o\000n\000e\000s\000\040\000T\000\355\000p\000i\000c\000a\000s\000\040\000d\000e\000l\000\040\000C\000o\000n\000t\000r\000o\000l\000\040\000O\000N\000/\000O\000F\000F}{section.2}% 14
\BOOKMARK [2][-]{subsection.2.9}{\376\377\000C\000\363\000d\000i\000g\000o\000\040\0002\000:\000\040\000M\000O\000S\000F\000E\000T}{section.2}% 15
\BOOKMARK [2][-]{subsection.2.10}{\376\377\000A\000n\000\341\000l\000i\000s\000i\000s\000\040\000d\000e\000l\000\040\000C\000\363\000d\000i\000g\000o\000\040\0002}{section.2}% 16
\BOOKMARK [2][-]{subsection.2.11}{\376\377\000C\000o\000n\000e\000x\000i\000o\000n\000e\000s\000\040\000d\000e\000l\000\040\000H\000a\000r\000d\000w\000a\000r\000e}{section.2}% 17
\BOOKMARK [3][-]{subsubsection.2.11.1}{\376\377\000C\000i\000r\000c\000u\000i\000t\000o\000\040\000c\000o\000n\000\040\000B\000J\000T\000\040\000\050\000B\000D\0002\0003\0005\000\051}{subsection.2.11}% 18
\BOOKMARK [3][-]{subsubsection.2.11.2}{\376\377\000C\000i\000r\000c\000u\000i\000t\000o\000\040\000c\000o\000n\000\040\000M\000O\000S\000F\000E\000T\000\040\000\050\000I\000R\000L\000Z\0001\0004\000\051}{subsection.2.11}% 19
\BOOKMARK [2][-]{subsection.2.12}{\376\377\000C\000o\000n\000s\000i\000d\000e\000r\000a\000c\000i\000o\000n\000e\000s\000\040\000T\000\351\000c\000n\000i\000c\000a\000s}{section.2}% 20
\BOOKMARK [2][-]{subsection.2.13}{\376\377\000P\000r\000o\000b\000l\000e\000m\000a\000s\000\040\000C\000o\000m\000u\000n\000e\000s\000\040\000y\000\040\000S\000o\000l\000u\000c\000i\000o\000n\000e\000s}{section.2}% 21
\BOOKMARK [3][-]{subsubsection.2.13.1}{\376\377\000C\000i\000r\000c\000u\000i\000t\000o\000\040\000B\000J\000T}{subsection.2.13}% 22
\BOOKMARK [3][-]{subsubsection.2.13.2}{\376\377\000C\000i\000r\000c\000u\000i\000t\000o\000\040\000M\000O\000S\000F\000E\000T}{subsection.2.13}% 23
\BOOKMARK [2][-]{subsection.2.14}{\376\377\000M\000e\000d\000i\000d\000a\000s\000\040\000d\000e\000\040\000S\000e\000g\000u\000r\000i\000d\000a\000d}{section.2}% 24
\BOOKMARK [1][-]{section.3}{\376\377\000C\000o\000n\000c\000l\000u\000s\000i\000\363\000n}{}% 25
\BOOKMARK [1][-]{section.3}{\376\377\000R\000e\000f\000e\000r\000e\000n\000c\000i\000a\000s}{}% 26
